info: 2023-07-12T13:10:02.084Z - Chart Monitor has started for BTCUSDT_1m!
info: 2023-07-12T13:30:09.205Z - Chart Monitor has started for BTCUSDT_1m!
info: 2023-07-17T18:48:31.962Z - Chart Monitor has started for BTCUSDT_1m!
info: 2023-07-18T22:39:15.975Z - Chart Monitor has started for BTCUSDT_1m!
info: 2023-07-18T23:08:03.016Z - Chart Monitor has started for BTCUSDT_1m!
info: 2023-07-18T23:10:35.330Z - Chart Monitor has started for BTCUSDT_1m!
info: 2023-07-18T23:14:01.531Z - Chart Monitor has started for BTCUSDT_1m!
info: 2023-07-18T23:15:41.510Z - Chart Monitor has started for BTCUSDT_1m!
info: 2023-07-18T23:34:19.038Z - Chart Monitor has started for BTCUSDT_1m!
info: 2023-07-18T23:35:04.436Z - Chart Monitor has started for BTCUSDT_1m!
info: 2023-07-18T23:35:32.292Z - Chart Monitor has started for BTCUSDT_1m!
info: 2023-07-18T23:35:56.767Z - Chart Monitor has started for BTCUSDT_1m!
info: 2023-07-18T23:36:36.744Z - Chart Monitor has started for BTCUSDT_1m!
info: 2023-07-19T00:27:32.330Z - Chart Monitor has started for BTCUSDT_1m!
info: 2023-07-19T00:29:09.409Z - Chart Monitor has started for BTCUSDT_1m!
info: 2023-07-19T00:30:12.414Z - Chart Monitor has started for BTCUSDT_1m!
info: 2023-07-19T00:31:14.688Z - Chart Monitor has started for BTCUSDT_1m!
info: 2023-07-19T00:32:37.731Z - Chart Monitor has started for BTCUSDT_1m!
info: 2023-07-19T00:35:54.394Z - Chart Monitor has started for BTCUSDT_1m!
info: 2023-07-19T01:15:46.693Z - Chart Monitor has started for BTCUSDT_1m!
info: 2023-07-19T01:16:59.702Z - Chart Monitor has started for BTCUSDT_1m!
info: 2023-07-19T01:17:12.152Z - Chart Monitor has started for BTCUSDT_1m!
info: 2023-07-19T01:32:05.598Z - Chart Monitor has started for BTCUSDT_1m!
info: 2023-07-19T01:32:29.985Z - Chart Monitor has started for BTCUSDT_1m!
info: 2023-07-20T00:27:12.082Z - Chart Monitor has started for BTCUSDT_1m!
info: 2023-07-20T00:34:39.936Z - Chart Monitor has started for BTCUSDT_1m!
info: 2023-07-20T00:35:53.561Z - Chart Monitor has started for BTCUSDT_1m!
info: 2023-07-20T00:37:18.932Z - Chart Monitor has started for BTCUSDT_1m!
info: 2023-07-20T00:38:23.155Z - Chart Monitor has started for BTCUSDT_1m!
info: 2023-07-20T00:38:35.053Z - Chart Monitor has started for BTCUSDT_1m!
info: 2023-07-20T00:51:06.447Z - Chart Monitor has started for BTCUSDT_1m!
info: 2023-07-20T00:52:58.925Z - Chart Monitor has started for BTCUSDT_1m!
info: 2023-07-20T00:54:18.861Z - Chart Monitor has started for BTCUSDT_1m!
info: 2023-07-20T00:56:27.972Z - Chart Monitor has started for BTCUSDT_1m!
info: 2023-07-20T00:56:56.114Z - Chart Monitor has started for BTCUSDT_1m!
info: 2023-07-20T00:59:37.794Z - Chart Monitor has started for BTCUSDT_1m!
info: 2023-07-20T01:18:18.460Z - Chart Monitor has started for BTCUSDT_1m!
info: 2023-07-20T01:19:07.594Z - Chart Monitor has started for BTCUSDT_1m!
info: 2023-07-20T01:19:52.960Z - Chart Monitor has started for BTCUSDT_1m!
info: 2023-07-20T01:20:31.502Z - Chart Monitor has started for BTCUSDT_1m!
info: 2023-07-20T01:28:02.601Z - Chart Monitor has started for BTCUSDT_1m!
info: 2023-07-20T01:28:47.963Z - Chart Monitor has started for BTCUSDT_1m!
info: 2023-07-20T18:02:46.396Z - Chart Monitor has started for BTCUSDT_1m!
info: 2023-07-20T18:34:39.107Z - Chart Monitor has started for BTCUSDT_1m!
info: 2023-07-20T18:38:25.343Z - Chart Monitor has started for BTCUSDT_1m!
info: 2023-07-21T12:36:31.099Z - Chart Monitor has started for BTCUSDT_1m!
info: 2023-07-25T01:11:07.437Z - Chart Monitor has started for BTCUSDT_1m!
info: 2023-07-25T01:26:21.021Z - Chart Monitor has started for BTCUSDT_1m!
info: 2023-07-26T00:11:14.574Z - Chart Monitor has started for BTCUSDT_1m!
info: 2023-07-27T02:41:37.352Z - Chart Monitor has started for BTCUSDT_1m!
info: 2023-07-27T02:41:39.415Z - Exchange Monitor => Can't calc the index RSI:
info: 2023-07-27T02:41:39.416Z
error: beholder.parseMemoryKey is not a function {"stack":"TypeError: beholder.parseMemoryKey is not a function\n    at /media/user/DADOS/desenvolvimento/binance/backend/src/app-em.js:437:32\n    at Array.map (<anonymous>)\n    at processChartData (/media/user/DADOS/desenvolvimento/binance/backend/src/app-em.js:421:11)\n    at /media/user/DADOS/desenvolvimento/binance/backend/src/app-em.js:360:27\n    at /media/user/DADOS/desenvolvimento/binance/backend/src/utils/exchanges.js:82:9\n    at /media/user/DADOS/desenvolvimento/binance/backend/node_modules/node-binance-api/node-binance-api.js:5662:41\n    at Request._callback (/media/user/DADOS/desenvolvimento/binance/backend/node_modules/node-binance-api/node-binance-api.js:188:16)\n    at Request.self.callback (/media/user/DADOS/desenvolvimento/binance/backend/node_modules/request/request.js:185:22)\n    at Request.emit (node:events:527:28)\n    at Request.<anonymous> (/media/user/DADOS/desenvolvimento/binance/backend/node_modules/request/request.js:1154:10)"}
info: 2023-07-27T02:41:39.424Z - Exchange Monitor => Can't calc the index MACD:
info: 2023-07-27T02:41:39.424Z
error: beholder.parseMemoryKey is not a function {"stack":"TypeError: beholder.parseMemoryKey is not a function\n    at /media/user/DADOS/desenvolvimento/binance/backend/src/app-em.js:437:32\n    at Array.map (<anonymous>)\n    at processChartData (/media/user/DADOS/desenvolvimento/binance/backend/src/app-em.js:421:11)\n    at /media/user/DADOS/desenvolvimento/binance/backend/src/app-em.js:360:27\n    at /media/user/DADOS/desenvolvimento/binance/backend/src/utils/exchanges.js:82:9\n    at /media/user/DADOS/desenvolvimento/binance/backend/node_modules/node-binance-api/node-binance-api.js:5662:41\n    at Request._callback (/media/user/DADOS/desenvolvimento/binance/backend/node_modules/node-binance-api/node-binance-api.js:188:16)\n    at Request.self.callback (/media/user/DADOS/desenvolvimento/binance/backend/node_modules/request/request.js:185:22)\n    at Request.emit (node:events:527:28)\n    at Request.<anonymous> (/media/user/DADOS/desenvolvimento/binance/backend/node_modules/request/request.js:1154:10)"}
info: 2023-07-27T02:42:00.304Z - Exchange Monitor => Can't calc the index RSI:
info: 2023-07-27T02:42:00.305Z
error: beholder.parseMemoryKey is not a function {"stack":"TypeError: beholder.parseMemoryKey is not a function\n    at /media/user/DADOS/desenvolvimento/binance/backend/src/app-em.js:437:32\n    at Array.map (<anonymous>)\n    at processChartData (/media/user/DADOS/desenvolvimento/binance/backend/src/app-em.js:421:11)\n    at /media/user/DADOS/desenvolvimento/binance/backend/src/app-em.js:360:27\n    at /media/user/DADOS/desenvolvimento/binance/backend/src/utils/exchanges.js:82:9\n    at handleKlineStreamData (/media/user/DADOS/desenvolvimento/binance/backend/node_modules/node-binance-api/node-binance-api.js:5650:41)\n    at WebSocket.<anonymous> (/media/user/DADOS/desenvolvimento/binance/backend/node_modules/node-binance-api/node-binance-api.js:709:17)\n    at WebSocket.emit (node:events:527:28)\n    at Receiver.receiverOnMessage (/media/user/DADOS/desenvolvimento/binance/backend/node_modules/node-binance-api/node_modules/ws/lib/websocket.js:1068:20)\n    at Receiver.emit (node:events:527:28)"}
info: 2023-07-27T02:42:00.315Z - Exchange Monitor => Can't calc the index MACD:
info: 2023-07-27T02:42:00.316Z
error: beholder.parseMemoryKey is not a function {"stack":"TypeError: beholder.parseMemoryKey is not a function\n    at /media/user/DADOS/desenvolvimento/binance/backend/src/app-em.js:437:32\n    at Array.map (<anonymous>)\n    at processChartData (/media/user/DADOS/desenvolvimento/binance/backend/src/app-em.js:421:11)\n    at /media/user/DADOS/desenvolvimento/binance/backend/src/app-em.js:360:27\n    at /media/user/DADOS/desenvolvimento/binance/backend/src/utils/exchanges.js:82:9\n    at handleKlineStreamData (/media/user/DADOS/desenvolvimento/binance/backend/node_modules/node-binance-api/node-binance-api.js:5650:41)\n    at WebSocket.<anonymous> (/media/user/DADOS/desenvolvimento/binance/backend/node_modules/node-binance-api/node-binance-api.js:709:17)\n    at WebSocket.emit (node:events:527:28)\n    at Receiver.receiverOnMessage (/media/user/DADOS/desenvolvimento/binance/backend/node_modules/node-binance-api/node_modules/ws/lib/websocket.js:1068:20)\n    at Receiver.emit (node:events:527:28)"}
info: 2023-07-27T02:43:00.306Z - Exchange Monitor => Can't calc the index RSI:
info: 2023-07-27T02:43:00.307Z
error: beholder.parseMemoryKey is not a function {"stack":"TypeError: beholder.parseMemoryKey is not a function\n    at /media/user/DADOS/desenvolvimento/binance/backend/src/app-em.js:437:32\n    at Array.map (<anonymous>)\n    at processChartData (/media/user/DADOS/desenvolvimento/binance/backend/src/app-em.js:421:11)\n    at /media/user/DADOS/desenvolvimento/binance/backend/src/app-em.js:360:27\n    at /media/user/DADOS/desenvolvimento/binance/backend/src/utils/exchanges.js:82:9\n    at handleKlineStreamData (/media/user/DADOS/desenvolvimento/binance/backend/node_modules/node-binance-api/node-binance-api.js:5650:41)\n    at WebSocket.<anonymous> (/media/user/DADOS/desenvolvimento/binance/backend/node_modules/node-binance-api/node-binance-api.js:709:17)\n    at WebSocket.emit (node:events:527:28)\n    at Receiver.receiverOnMessage (/media/user/DADOS/desenvolvimento/binance/backend/node_modules/node-binance-api/node_modules/ws/lib/websocket.js:1068:20)\n    at Receiver.emit (node:events:527:28)"}
info: 2023-07-27T02:43:00.312Z - Exchange Monitor => Can't calc the index MACD:
info: 2023-07-27T02:43:00.314Z
error: beholder.parseMemoryKey is not a function {"stack":"TypeError: beholder.parseMemoryKey is not a function\n    at /media/user/DADOS/desenvolvimento/binance/backend/src/app-em.js:437:32\n    at Array.map (<anonymous>)\n    at processChartData (/media/user/DADOS/desenvolvimento/binance/backend/src/app-em.js:421:11)\n    at /media/user/DADOS/desenvolvimento/binance/backend/src/app-em.js:360:27\n    at /media/user/DADOS/desenvolvimento/binance/backend/src/utils/exchanges.js:82:9\n    at handleKlineStreamData (/media/user/DADOS/desenvolvimento/binance/backend/node_modules/node-binance-api/node-binance-api.js:5650:41)\n    at WebSocket.<anonymous> (/media/user/DADOS/desenvolvimento/binance/backend/node_modules/node-binance-api/node-binance-api.js:709:17)\n    at WebSocket.emit (node:events:527:28)\n    at Receiver.receiverOnMessage (/media/user/DADOS/desenvolvimento/binance/backend/node_modules/node-binance-api/node_modules/ws/lib/websocket.js:1068:20)\n    at Receiver.emit (node:events:527:28)"}
info: 2023-07-27T02:44:00.311Z - Exchange Monitor => Can't calc the index RSI:
info: 2023-07-27T02:44:00.312Z
error: beholder.parseMemoryKey is not a function {"stack":"TypeError: beholder.parseMemoryKey is not a function\n    at /media/user/DADOS/desenvolvimento/binance/backend/src/app-em.js:437:32\n    at Array.map (<anonymous>)\n    at processChartData (/media/user/DADOS/desenvolvimento/binance/backend/src/app-em.js:421:11)\n    at /media/user/DADOS/desenvolvimento/binance/backend/src/app-em.js:360:27\n    at /media/user/DADOS/desenvolvimento/binance/backend/src/utils/exchanges.js:82:9\n    at handleKlineStreamData (/media/user/DADOS/desenvolvimento/binance/backend/node_modules/node-binance-api/node-binance-api.js:5650:41)\n    at WebSocket.<anonymous> (/media/user/DADOS/desenvolvimento/binance/backend/node_modules/node-binance-api/node-binance-api.js:709:17)\n    at WebSocket.emit (node:events:527:28)\n    at Receiver.receiverOnMessage (/media/user/DADOS/desenvolvimento/binance/backend/node_modules/node-binance-api/node_modules/ws/lib/websocket.js:1068:20)\n    at Receiver.emit (node:events:527:28)"}
info: 2023-07-27T02:44:00.315Z - Exchange Monitor => Can't calc the index MACD:
info: 2023-07-27T02:44:00.315Z
error: beholder.parseMemoryKey is not a function {"stack":"TypeError: beholder.parseMemoryKey is not a function\n    at /media/user/DADOS/desenvolvimento/binance/backend/src/app-em.js:437:32\n    at Array.map (<anonymous>)\n    at processChartData (/media/user/DADOS/desenvolvimento/binance/backend/src/app-em.js:421:11)\n    at /media/user/DADOS/desenvolvimento/binance/backend/src/app-em.js:360:27\n    at /media/user/DADOS/desenvolvimento/binance/backend/src/utils/exchanges.js:82:9\n    at handleKlineStreamData (/media/user/DADOS/desenvolvimento/binance/backend/node_modules/node-binance-api/node-binance-api.js:5650:41)\n    at WebSocket.<anonymous> (/media/user/DADOS/desenvolvimento/binance/backend/node_modules/node-binance-api/node-binance-api.js:709:17)\n    at WebSocket.emit (node:events:527:28)\n    at Receiver.receiverOnMessage (/media/user/DADOS/desenvolvimento/binance/backend/node_modules/node-binance-api/node_modules/ws/lib/websocket.js:1068:20)\n    at Receiver.emit (node:events:527:28)"}
info: 2023-07-27T13:21:45.293Z - Chart Monitor has started for BTCUSDT_1m!
info: 2023-07-27T13:21:46.728Z - Exchange Monitor => Can't calc the index RSI:
info: 2023-07-27T13:21:46.729Z
error: beholder.parseMemoryKey is not a function {"stack":"TypeError: beholder.parseMemoryKey is not a function\n    at /media/user/DADOS/desenvolvimento/binance/backend/src/app-em.js:437:32\n    at Array.map (<anonymous>)\n    at processChartData (/media/user/DADOS/desenvolvimento/binance/backend/src/app-em.js:421:11)\n    at /media/user/DADOS/desenvolvimento/binance/backend/src/app-em.js:360:27\n    at /media/user/DADOS/desenvolvimento/binance/backend/src/utils/exchanges.js:82:9\n    at /media/user/DADOS/desenvolvimento/binance/backend/node_modules/node-binance-api/node-binance-api.js:5662:41\n    at Request._callback (/media/user/DADOS/desenvolvimento/binance/backend/node_modules/node-binance-api/node-binance-api.js:188:16)\n    at Request.self.callback (/media/user/DADOS/desenvolvimento/binance/backend/node_modules/request/request.js:185:22)\n    at Request.emit (node:events:527:28)\n    at Request.<anonymous> (/media/user/DADOS/desenvolvimento/binance/backend/node_modules/request/request.js:1154:10)"}
info: 2023-07-27T13:21:46.734Z - Exchange Monitor => Can't calc the index MACD:
info: 2023-07-27T13:21:46.735Z
error: beholder.parseMemoryKey is not a function {"stack":"TypeError: beholder.parseMemoryKey is not a function\n    at /media/user/DADOS/desenvolvimento/binance/backend/src/app-em.js:437:32\n    at Array.map (<anonymous>)\n    at processChartData (/media/user/DADOS/desenvolvimento/binance/backend/src/app-em.js:421:11)\n    at /media/user/DADOS/desenvolvimento/binance/backend/src/app-em.js:360:27\n    at /media/user/DADOS/desenvolvimento/binance/backend/src/utils/exchanges.js:82:9\n    at /media/user/DADOS/desenvolvimento/binance/backend/node_modules/node-binance-api/node-binance-api.js:5662:41\n    at Request._callback (/media/user/DADOS/desenvolvimento/binance/backend/node_modules/node-binance-api/node-binance-api.js:188:16)\n    at Request.self.callback (/media/user/DADOS/desenvolvimento/binance/backend/node_modules/request/request.js:185:22)\n    at Request.emit (node:events:527:28)\n    at Request.<anonymous> (/media/user/DADOS/desenvolvimento/binance/backend/node_modules/request/request.js:1154:10)"}
info: 2023-07-27T13:22:00.256Z - Exchange Monitor => Can't calc the index RSI:
info: 2023-07-27T13:22:00.257Z
error: beholder.parseMemoryKey is not a function {"stack":"TypeError: beholder.parseMemoryKey is not a function\n    at /media/user/DADOS/desenvolvimento/binance/backend/src/app-em.js:437:32\n    at Array.map (<anonymous>)\n    at processChartData (/media/user/DADOS/desenvolvimento/binance/backend/src/app-em.js:421:11)\n    at /media/user/DADOS/desenvolvimento/binance/backend/src/app-em.js:360:27\n    at /media/user/DADOS/desenvolvimento/binance/backend/src/utils/exchanges.js:82:9\n    at handleKlineStreamData (/media/user/DADOS/desenvolvimento/binance/backend/node_modules/node-binance-api/node-binance-api.js:5650:41)\n    at WebSocket.<anonymous> (/media/user/DADOS/desenvolvimento/binance/backend/node_modules/node-binance-api/node-binance-api.js:709:17)\n    at WebSocket.emit (node:events:527:28)\n    at Receiver.receiverOnMessage (/media/user/DADOS/desenvolvimento/binance/backend/node_modules/node-binance-api/node_modules/ws/lib/websocket.js:1068:20)\n    at Receiver.emit (node:events:527:28)"}
info: 2023-07-27T13:22:00.270Z - Exchange Monitor => Can't calc the index MACD:
info: 2023-07-27T13:22:00.271Z
error: beholder.parseMemoryKey is not a function {"stack":"TypeError: beholder.parseMemoryKey is not a function\n    at /media/user/DADOS/desenvolvimento/binance/backend/src/app-em.js:437:32\n    at Array.map (<anonymous>)\n    at processChartData (/media/user/DADOS/desenvolvimento/binance/backend/src/app-em.js:421:11)\n    at /media/user/DADOS/desenvolvimento/binance/backend/src/app-em.js:360:27\n    at /media/user/DADOS/desenvolvimento/binance/backend/src/utils/exchanges.js:82:9\n    at handleKlineStreamData (/media/user/DADOS/desenvolvimento/binance/backend/node_modules/node-binance-api/node-binance-api.js:5650:41)\n    at WebSocket.<anonymous> (/media/user/DADOS/desenvolvimento/binance/backend/node_modules/node-binance-api/node-binance-api.js:709:17)\n    at WebSocket.emit (node:events:527:28)\n    at Receiver.receiverOnMessage (/media/user/DADOS/desenvolvimento/binance/backend/node_modules/node-binance-api/node_modules/ws/lib/websocket.js:1068:20)\n    at Receiver.emit (node:events:527:28)"}
info: 2023-07-27T13:23:00.992Z - Exchange Monitor => Can't calc the index RSI:
info: 2023-07-27T13:23:00.995Z
error: beholder.parseMemoryKey is not a function {"stack":"TypeError: beholder.parseMemoryKey is not a function\n    at /media/user/DADOS/desenvolvimento/binance/backend/src/app-em.js:437:32\n    at Array.map (<anonymous>)\n    at processChartData (/media/user/DADOS/desenvolvimento/binance/backend/src/app-em.js:421:11)\n    at /media/user/DADOS/desenvolvimento/binance/backend/src/app-em.js:360:27\n    at /media/user/DADOS/desenvolvimento/binance/backend/src/utils/exchanges.js:82:9\n    at handleKlineStreamData (/media/user/DADOS/desenvolvimento/binance/backend/node_modules/node-binance-api/node-binance-api.js:5650:41)\n    at WebSocket.<anonymous> (/media/user/DADOS/desenvolvimento/binance/backend/node_modules/node-binance-api/node-binance-api.js:709:17)\n    at WebSocket.emit (node:events:527:28)\n    at Receiver.receiverOnMessage (/media/user/DADOS/desenvolvimento/binance/backend/node_modules/node-binance-api/node_modules/ws/lib/websocket.js:1068:20)\n    at Receiver.emit (node:events:527:28)"}
info: 2023-07-27T13:23:01.013Z - Exchange Monitor => Can't calc the index MACD:
info: 2023-07-27T13:23:01.014Z
error: beholder.parseMemoryKey is not a function {"stack":"TypeError: beholder.parseMemoryKey is not a function\n    at /media/user/DADOS/desenvolvimento/binance/backend/src/app-em.js:437:32\n    at Array.map (<anonymous>)\n    at processChartData (/media/user/DADOS/desenvolvimento/binance/backend/src/app-em.js:421:11)\n    at /media/user/DADOS/desenvolvimento/binance/backend/src/app-em.js:360:27\n    at /media/user/DADOS/desenvolvimento/binance/backend/src/utils/exchanges.js:82:9\n    at handleKlineStreamData (/media/user/DADOS/desenvolvimento/binance/backend/node_modules/node-binance-api/node-binance-api.js:5650:41)\n    at WebSocket.<anonymous> (/media/user/DADOS/desenvolvimento/binance/backend/node_modules/node-binance-api/node-binance-api.js:709:17)\n    at WebSocket.emit (node:events:527:28)\n    at Receiver.receiverOnMessage (/media/user/DADOS/desenvolvimento/binance/backend/node_modules/node-binance-api/node_modules/ws/lib/websocket.js:1068:20)\n    at Receiver.emit (node:events:527:28)"}
info: 2023-07-27T13:24:00.371Z - Exchange Monitor => Can't calc the index RSI:
info: 2023-07-27T13:24:00.375Z
error: beholder.parseMemoryKey is not a function {"stack":"TypeError: beholder.parseMemoryKey is not a function\n    at /media/user/DADOS/desenvolvimento/binance/backend/src/app-em.js:437:32\n    at Array.map (<anonymous>)\n    at processChartData (/media/user/DADOS/desenvolvimento/binance/backend/src/app-em.js:421:11)\n    at /media/user/DADOS/desenvolvimento/binance/backend/src/app-em.js:360:27\n    at /media/user/DADOS/desenvolvimento/binance/backend/src/utils/exchanges.js:82:9\n    at handleKlineStreamData (/media/user/DADOS/desenvolvimento/binance/backend/node_modules/node-binance-api/node-binance-api.js:5650:41)\n    at WebSocket.<anonymous> (/media/user/DADOS/desenvolvimento/binance/backend/node_modules/node-binance-api/node-binance-api.js:709:17)\n    at WebSocket.emit (node:events:527:28)\n    at Receiver.receiverOnMessage (/media/user/DADOS/desenvolvimento/binance/backend/node_modules/node-binance-api/node_modules/ws/lib/websocket.js:1068:20)\n    at Receiver.emit (node:events:527:28)"}
info: 2023-07-27T13:24:00.381Z - Exchange Monitor => Can't calc the index MACD:
info: 2023-07-27T13:24:00.383Z
error: beholder.parseMemoryKey is not a function {"stack":"TypeError: beholder.parseMemoryKey is not a function\n    at /media/user/DADOS/desenvolvimento/binance/backend/src/app-em.js:437:32\n    at Array.map (<anonymous>)\n    at processChartData (/media/user/DADOS/desenvolvimento/binance/backend/src/app-em.js:421:11)\n    at /media/user/DADOS/desenvolvimento/binance/backend/src/app-em.js:360:27\n    at /media/user/DADOS/desenvolvimento/binance/backend/src/utils/exchanges.js:82:9\n    at handleKlineStreamData (/media/user/DADOS/desenvolvimento/binance/backend/node_modules/node-binance-api/node-binance-api.js:5650:41)\n    at WebSocket.<anonymous> (/media/user/DADOS/desenvolvimento/binance/backend/node_modules/node-binance-api/node-binance-api.js:709:17)\n    at WebSocket.emit (node:events:527:28)\n    at Receiver.receiverOnMessage (/media/user/DADOS/desenvolvimento/binance/backend/node_modules/node-binance-api/node_modules/ws/lib/websocket.js:1068:20)\n    at Receiver.emit (node:events:527:28)"}
info: 2023-07-27T13:25:00.337Z - Exchange Monitor => Can't calc the index RSI:
info: 2023-07-27T13:25:00.338Z
error: beholder.parseMemoryKey is not a function {"stack":"TypeError: beholder.parseMemoryKey is not a function\n    at /media/user/DADOS/desenvolvimento/binance/backend/src/app-em.js:437:32\n    at Array.map (<anonymous>)\n    at processChartData (/media/user/DADOS/desenvolvimento/binance/backend/src/app-em.js:421:11)\n    at /media/user/DADOS/desenvolvimento/binance/backend/src/app-em.js:360:27\n    at /media/user/DADOS/desenvolvimento/binance/backend/src/utils/exchanges.js:82:9\n    at handleKlineStreamData (/media/user/DADOS/desenvolvimento/binance/backend/node_modules/node-binance-api/node-binance-api.js:5650:41)\n    at WebSocket.<anonymous> (/media/user/DADOS/desenvolvimento/binance/backend/node_modules/node-binance-api/node-binance-api.js:709:17)\n    at WebSocket.emit (node:events:527:28)\n    at Receiver.receiverOnMessage (/media/user/DADOS/desenvolvimento/binance/backend/node_modules/node-binance-api/node_modules/ws/lib/websocket.js:1068:20)\n    at Receiver.emit (node:events:527:28)"}
info: 2023-07-27T13:25:00.342Z - Exchange Monitor => Can't calc the index MACD:
info: 2023-07-27T13:25:00.343Z
error: beholder.parseMemoryKey is not a function {"stack":"TypeError: beholder.parseMemoryKey is not a function\n    at /media/user/DADOS/desenvolvimento/binance/backend/src/app-em.js:437:32\n    at Array.map (<anonymous>)\n    at processChartData (/media/user/DADOS/desenvolvimento/binance/backend/src/app-em.js:421:11)\n    at /media/user/DADOS/desenvolvimento/binance/backend/src/app-em.js:360:27\n    at /media/user/DADOS/desenvolvimento/binance/backend/src/utils/exchanges.js:82:9\n    at handleKlineStreamData (/media/user/DADOS/desenvolvimento/binance/backend/node_modules/node-binance-api/node-binance-api.js:5650:41)\n    at WebSocket.<anonymous> (/media/user/DADOS/desenvolvimento/binance/backend/node_modules/node-binance-api/node-binance-api.js:709:17)\n    at WebSocket.emit (node:events:527:28)\n    at Receiver.receiverOnMessage (/media/user/DADOS/desenvolvimento/binance/backend/node_modules/node-binance-api/node_modules/ws/lib/websocket.js:1068:20)\n    at Receiver.emit (node:events:527:28)"}
info: 2023-07-27T13:26:00.316Z - Exchange Monitor => Can't calc the index RSI:
info: 2023-07-27T13:26:00.316Z
error: beholder.parseMemoryKey is not a function {"stack":"TypeError: beholder.parseMemoryKey is not a function\n    at /media/user/DADOS/desenvolvimento/binance/backend/src/app-em.js:437:32\n    at Array.map (<anonymous>)\n    at processChartData (/media/user/DADOS/desenvolvimento/binance/backend/src/app-em.js:421:11)\n    at /media/user/DADOS/desenvolvimento/binance/backend/src/app-em.js:360:27\n    at /media/user/DADOS/desenvolvimento/binance/backend/src/utils/exchanges.js:82:9\n    at handleKlineStreamData (/media/user/DADOS/desenvolvimento/binance/backend/node_modules/node-binance-api/node-binance-api.js:5650:41)\n    at WebSocket.<anonymous> (/media/user/DADOS/desenvolvimento/binance/backend/node_modules/node-binance-api/node-binance-api.js:709:17)\n    at WebSocket.emit (node:events:527:28)\n    at Receiver.receiverOnMessage (/media/user/DADOS/desenvolvimento/binance/backend/node_modules/node-binance-api/node_modules/ws/lib/websocket.js:1068:20)\n    at Receiver.emit (node:events:527:28)"}
info: 2023-07-27T13:26:00.318Z - Exchange Monitor => Can't calc the index MACD:
info: 2023-07-27T13:26:00.319Z
error: beholder.parseMemoryKey is not a function {"stack":"TypeError: beholder.parseMemoryKey is not a function\n    at /media/user/DADOS/desenvolvimento/binance/backend/src/app-em.js:437:32\n    at Array.map (<anonymous>)\n    at processChartData (/media/user/DADOS/desenvolvimento/binance/backend/src/app-em.js:421:11)\n    at /media/user/DADOS/desenvolvimento/binance/backend/src/app-em.js:360:27\n    at /media/user/DADOS/desenvolvimento/binance/backend/src/utils/exchanges.js:82:9\n    at handleKlineStreamData (/media/user/DADOS/desenvolvimento/binance/backend/node_modules/node-binance-api/node-binance-api.js:5650:41)\n    at WebSocket.<anonymous> (/media/user/DADOS/desenvolvimento/binance/backend/node_modules/node-binance-api/node-binance-api.js:709:17)\n    at WebSocket.emit (node:events:527:28)\n    at Receiver.receiverOnMessage (/media/user/DADOS/desenvolvimento/binance/backend/node_modules/node-binance-api/node_modules/ws/lib/websocket.js:1068:20)\n    at Receiver.emit (node:events:527:28)"}
info: 2023-07-27T13:26:19.616Z - Chart Monitor has started for BTCUSDT_1m!
info: 2023-07-27T13:26:20.959Z - Exchange Monitor => Can't calc the index RSI:
info: 2023-07-27T13:26:20.960Z
error: beholder.parseMemoryKey is not a function {"stack":"TypeError: beholder.parseMemoryKey is not a function\n    at /media/user/DADOS/desenvolvimento/binance/backend/src/app-em.js:437:32\n    at Array.map (<anonymous>)\n    at processChartData (/media/user/DADOS/desenvolvimento/binance/backend/src/app-em.js:421:11)\n    at /media/user/DADOS/desenvolvimento/binance/backend/src/app-em.js:360:27\n    at /media/user/DADOS/desenvolvimento/binance/backend/src/utils/exchanges.js:82:9\n    at /media/user/DADOS/desenvolvimento/binance/backend/node_modules/node-binance-api/node-binance-api.js:5662:41\n    at Request._callback (/media/user/DADOS/desenvolvimento/binance/backend/node_modules/node-binance-api/node-binance-api.js:188:16)\n    at Request.self.callback (/media/user/DADOS/desenvolvimento/binance/backend/node_modules/request/request.js:185:22)\n    at Request.emit (node:events:527:28)\n    at Request.<anonymous> (/media/user/DADOS/desenvolvimento/binance/backend/node_modules/request/request.js:1154:10)"}
info: 2023-07-27T13:26:20.968Z - Exchange Monitor => Can't calc the index MACD:
info: 2023-07-27T13:26:20.969Z
error: beholder.parseMemoryKey is not a function {"stack":"TypeError: beholder.parseMemoryKey is not a function\n    at /media/user/DADOS/desenvolvimento/binance/backend/src/app-em.js:437:32\n    at Array.map (<anonymous>)\n    at processChartData (/media/user/DADOS/desenvolvimento/binance/backend/src/app-em.js:421:11)\n    at /media/user/DADOS/desenvolvimento/binance/backend/src/app-em.js:360:27\n    at /media/user/DADOS/desenvolvimento/binance/backend/src/utils/exchanges.js:82:9\n    at /media/user/DADOS/desenvolvimento/binance/backend/node_modules/node-binance-api/node-binance-api.js:5662:41\n    at Request._callback (/media/user/DADOS/desenvolvimento/binance/backend/node_modules/node-binance-api/node-binance-api.js:188:16)\n    at Request.self.callback (/media/user/DADOS/desenvolvimento/binance/backend/node_modules/request/request.js:185:22)\n    at Request.emit (node:events:527:28)\n    at Request.<anonymous> (/media/user/DADOS/desenvolvimento/binance/backend/node_modules/request/request.js:1154:10)"}
info: 2023-07-27T13:27:00.373Z - Exchange Monitor => Can't calc the index RSI:
info: 2023-07-27T13:27:00.374Z
error: beholder.parseMemoryKey is not a function {"stack":"TypeError: beholder.parseMemoryKey is not a function\n    at /media/user/DADOS/desenvolvimento/binance/backend/src/app-em.js:437:32\n    at Array.map (<anonymous>)\n    at processChartData (/media/user/DADOS/desenvolvimento/binance/backend/src/app-em.js:421:11)\n    at /media/user/DADOS/desenvolvimento/binance/backend/src/app-em.js:360:27\n    at /media/user/DADOS/desenvolvimento/binance/backend/src/utils/exchanges.js:82:9\n    at handleKlineStreamData (/media/user/DADOS/desenvolvimento/binance/backend/node_modules/node-binance-api/node-binance-api.js:5650:41)\n    at WebSocket.<anonymous> (/media/user/DADOS/desenvolvimento/binance/backend/node_modules/node-binance-api/node-binance-api.js:709:17)\n    at WebSocket.emit (node:events:527:28)\n    at Receiver.receiverOnMessage (/media/user/DADOS/desenvolvimento/binance/backend/node_modules/node-binance-api/node_modules/ws/lib/websocket.js:1068:20)\n    at Receiver.emit (node:events:527:28)"}
info: 2023-07-27T13:27:00.378Z - Exchange Monitor => Can't calc the index MACD:
info: 2023-07-27T13:27:00.378Z
error: beholder.parseMemoryKey is not a function {"stack":"TypeError: beholder.parseMemoryKey is not a function\n    at /media/user/DADOS/desenvolvimento/binance/backend/src/app-em.js:437:32\n    at Array.map (<anonymous>)\n    at processChartData (/media/user/DADOS/desenvolvimento/binance/backend/src/app-em.js:421:11)\n    at /media/user/DADOS/desenvolvimento/binance/backend/src/app-em.js:360:27\n    at /media/user/DADOS/desenvolvimento/binance/backend/src/utils/exchanges.js:82:9\n    at handleKlineStreamData (/media/user/DADOS/desenvolvimento/binance/backend/node_modules/node-binance-api/node-binance-api.js:5650:41)\n    at WebSocket.<anonymous> (/media/user/DADOS/desenvolvimento/binance/backend/node_modules/node-binance-api/node-binance-api.js:709:17)\n    at WebSocket.emit (node:events:527:28)\n    at Receiver.receiverOnMessage (/media/user/DADOS/desenvolvimento/binance/backend/node_modules/node-binance-api/node_modules/ws/lib/websocket.js:1068:20)\n    at Receiver.emit (node:events:527:28)"}
info: 2023-07-27T13:28:00.292Z - Exchange Monitor => Can't calc the index RSI:
info: 2023-07-27T13:28:00.292Z
error: beholder.parseMemoryKey is not a function {"stack":"TypeError: beholder.parseMemoryKey is not a function\n    at /media/user/DADOS/desenvolvimento/binance/backend/src/app-em.js:437:32\n    at Array.map (<anonymous>)\n    at processChartData (/media/user/DADOS/desenvolvimento/binance/backend/src/app-em.js:421:11)\n    at /media/user/DADOS/desenvolvimento/binance/backend/src/app-em.js:360:27\n    at /media/user/DADOS/desenvolvimento/binance/backend/src/utils/exchanges.js:82:9\n    at handleKlineStreamData (/media/user/DADOS/desenvolvimento/binance/backend/node_modules/node-binance-api/node-binance-api.js:5650:41)\n    at WebSocket.<anonymous> (/media/user/DADOS/desenvolvimento/binance/backend/node_modules/node-binance-api/node-binance-api.js:709:17)\n    at WebSocket.emit (node:events:527:28)\n    at Receiver.receiverOnMessage (/media/user/DADOS/desenvolvimento/binance/backend/node_modules/node-binance-api/node_modules/ws/lib/websocket.js:1068:20)\n    at Receiver.emit (node:events:527:28)"}
info: 2023-07-27T13:28:00.296Z - Exchange Monitor => Can't calc the index MACD:
info: 2023-07-27T13:28:00.297Z
error: beholder.parseMemoryKey is not a function {"stack":"TypeError: beholder.parseMemoryKey is not a function\n    at /media/user/DADOS/desenvolvimento/binance/backend/src/app-em.js:437:32\n    at Array.map (<anonymous>)\n    at processChartData (/media/user/DADOS/desenvolvimento/binance/backend/src/app-em.js:421:11)\n    at /media/user/DADOS/desenvolvimento/binance/backend/src/app-em.js:360:27\n    at /media/user/DADOS/desenvolvimento/binance/backend/src/utils/exchanges.js:82:9\n    at handleKlineStreamData (/media/user/DADOS/desenvolvimento/binance/backend/node_modules/node-binance-api/node-binance-api.js:5650:41)\n    at WebSocket.<anonymous> (/media/user/DADOS/desenvolvimento/binance/backend/node_modules/node-binance-api/node-binance-api.js:709:17)\n    at WebSocket.emit (node:events:527:28)\n    at Receiver.receiverOnMessage (/media/user/DADOS/desenvolvimento/binance/backend/node_modules/node-binance-api/node_modules/ws/lib/websocket.js:1068:20)\n    at Receiver.emit (node:events:527:28)"}
info: 2023-07-27T13:29:00.300Z - Exchange Monitor => Can't calc the index RSI:
info: 2023-07-27T13:29:00.301Z
error: beholder.parseMemoryKey is not a function {"stack":"TypeError: beholder.parseMemoryKey is not a function\n    at /media/user/DADOS/desenvolvimento/binance/backend/src/app-em.js:437:32\n    at Array.map (<anonymous>)\n    at processChartData (/media/user/DADOS/desenvolvimento/binance/backend/src/app-em.js:421:11)\n    at /media/user/DADOS/desenvolvimento/binance/backend/src/app-em.js:360:27\n    at /media/user/DADOS/desenvolvimento/binance/backend/src/utils/exchanges.js:82:9\n    at handleKlineStreamData (/media/user/DADOS/desenvolvimento/binance/backend/node_modules/node-binance-api/node-binance-api.js:5650:41)\n    at WebSocket.<anonymous> (/media/user/DADOS/desenvolvimento/binance/backend/node_modules/node-binance-api/node-binance-api.js:709:17)\n    at WebSocket.emit (node:events:527:28)\n    at Receiver.receiverOnMessage (/media/user/DADOS/desenvolvimento/binance/backend/node_modules/node-binance-api/node_modules/ws/lib/websocket.js:1068:20)\n    at Receiver.emit (node:events:527:28)"}
info: 2023-07-27T13:29:00.307Z - Exchange Monitor => Can't calc the index MACD:
info: 2023-07-27T13:29:00.308Z
error: beholder.parseMemoryKey is not a function {"stack":"TypeError: beholder.parseMemoryKey is not a function\n    at /media/user/DADOS/desenvolvimento/binance/backend/src/app-em.js:437:32\n    at Array.map (<anonymous>)\n    at processChartData (/media/user/DADOS/desenvolvimento/binance/backend/src/app-em.js:421:11)\n    at /media/user/DADOS/desenvolvimento/binance/backend/src/app-em.js:360:27\n    at /media/user/DADOS/desenvolvimento/binance/backend/src/utils/exchanges.js:82:9\n    at handleKlineStreamData (/media/user/DADOS/desenvolvimento/binance/backend/node_modules/node-binance-api/node-binance-api.js:5650:41)\n    at WebSocket.<anonymous> (/media/user/DADOS/desenvolvimento/binance/backend/node_modules/node-binance-api/node-binance-api.js:709:17)\n    at WebSocket.emit (node:events:527:28)\n    at Receiver.receiverOnMessage (/media/user/DADOS/desenvolvimento/binance/backend/node_modules/node-binance-api/node_modules/ws/lib/websocket.js:1068:20)\n    at Receiver.emit (node:events:527:28)"}
info: 2023-07-27T13:30:00.353Z - Exchange Monitor => Can't calc the index RSI:
info: 2023-07-27T13:30:00.353Z
error: beholder.parseMemoryKey is not a function {"stack":"TypeError: beholder.parseMemoryKey is not a function\n    at /media/user/DADOS/desenvolvimento/binance/backend/src/app-em.js:437:32\n    at Array.map (<anonymous>)\n    at processChartData (/media/user/DADOS/desenvolvimento/binance/backend/src/app-em.js:421:11)\n    at /media/user/DADOS/desenvolvimento/binance/backend/src/app-em.js:360:27\n    at /media/user/DADOS/desenvolvimento/binance/backend/src/utils/exchanges.js:82:9\n    at handleKlineStreamData (/media/user/DADOS/desenvolvimento/binance/backend/node_modules/node-binance-api/node-binance-api.js:5650:41)\n    at WebSocket.<anonymous> (/media/user/DADOS/desenvolvimento/binance/backend/node_modules/node-binance-api/node-binance-api.js:709:17)\n    at WebSocket.emit (node:events:527:28)\n    at Receiver.receiverOnMessage (/media/user/DADOS/desenvolvimento/binance/backend/node_modules/node-binance-api/node_modules/ws/lib/websocket.js:1068:20)\n    at Receiver.emit (node:events:527:28)"}
info: 2023-07-27T13:30:00.357Z - Exchange Monitor => Can't calc the index MACD:
info: 2023-07-27T13:30:00.357Z
error: beholder.parseMemoryKey is not a function {"stack":"TypeError: beholder.parseMemoryKey is not a function\n    at /media/user/DADOS/desenvolvimento/binance/backend/src/app-em.js:437:32\n    at Array.map (<anonymous>)\n    at processChartData (/media/user/DADOS/desenvolvimento/binance/backend/src/app-em.js:421:11)\n    at /media/user/DADOS/desenvolvimento/binance/backend/src/app-em.js:360:27\n    at /media/user/DADOS/desenvolvimento/binance/backend/src/utils/exchanges.js:82:9\n    at handleKlineStreamData (/media/user/DADOS/desenvolvimento/binance/backend/node_modules/node-binance-api/node-binance-api.js:5650:41)\n    at WebSocket.<anonymous> (/media/user/DADOS/desenvolvimento/binance/backend/node_modules/node-binance-api/node-binance-api.js:709:17)\n    at WebSocket.emit (node:events:527:28)\n    at Receiver.receiverOnMessage (/media/user/DADOS/desenvolvimento/binance/backend/node_modules/node-binance-api/node_modules/ws/lib/websocket.js:1068:20)\n    at Receiver.emit (node:events:527:28)"}
info: 2023-07-27T13:31:00.317Z - Exchange Monitor => Can't calc the index RSI:
info: 2023-07-27T13:31:00.318Z
error: beholder.parseMemoryKey is not a function {"stack":"TypeError: beholder.parseMemoryKey is not a function\n    at /media/user/DADOS/desenvolvimento/binance/backend/src/app-em.js:437:32\n    at Array.map (<anonymous>)\n    at processChartData (/media/user/DADOS/desenvolvimento/binance/backend/src/app-em.js:421:11)\n    at /media/user/DADOS/desenvolvimento/binance/backend/src/app-em.js:360:27\n    at /media/user/DADOS/desenvolvimento/binance/backend/src/utils/exchanges.js:82:9\n    at handleKlineStreamData (/media/user/DADOS/desenvolvimento/binance/backend/node_modules/node-binance-api/node-binance-api.js:5650:41)\n    at WebSocket.<anonymous> (/media/user/DADOS/desenvolvimento/binance/backend/node_modules/node-binance-api/node-binance-api.js:709:17)\n    at WebSocket.emit (node:events:527:28)\n    at Receiver.receiverOnMessage (/media/user/DADOS/desenvolvimento/binance/backend/node_modules/node-binance-api/node_modules/ws/lib/websocket.js:1068:20)\n    at Receiver.emit (node:events:527:28)"}
info: 2023-07-27T13:31:00.324Z - Exchange Monitor => Can't calc the index MACD:
info: 2023-07-27T13:31:00.324Z
error: beholder.parseMemoryKey is not a function {"stack":"TypeError: beholder.parseMemoryKey is not a function\n    at /media/user/DADOS/desenvolvimento/binance/backend/src/app-em.js:437:32\n    at Array.map (<anonymous>)\n    at processChartData (/media/user/DADOS/desenvolvimento/binance/backend/src/app-em.js:421:11)\n    at /media/user/DADOS/desenvolvimento/binance/backend/src/app-em.js:360:27\n    at /media/user/DADOS/desenvolvimento/binance/backend/src/utils/exchanges.js:82:9\n    at handleKlineStreamData (/media/user/DADOS/desenvolvimento/binance/backend/node_modules/node-binance-api/node-binance-api.js:5650:41)\n    at WebSocket.<anonymous> (/media/user/DADOS/desenvolvimento/binance/backend/node_modules/node-binance-api/node-binance-api.js:709:17)\n    at WebSocket.emit (node:events:527:28)\n    at Receiver.receiverOnMessage (/media/user/DADOS/desenvolvimento/binance/backend/node_modules/node-binance-api/node_modules/ws/lib/websocket.js:1068:20)\n    at Receiver.emit (node:events:527:28)"}
info: 2023-07-27T13:32:00.408Z - Exchange Monitor => Can't calc the index RSI:
info: 2023-07-27T13:32:00.409Z
error: beholder.parseMemoryKey is not a function {"stack":"TypeError: beholder.parseMemoryKey is not a function\n    at /media/user/DADOS/desenvolvimento/binance/backend/src/app-em.js:437:32\n    at Array.map (<anonymous>)\n    at processChartData (/media/user/DADOS/desenvolvimento/binance/backend/src/app-em.js:421:11)\n    at /media/user/DADOS/desenvolvimento/binance/backend/src/app-em.js:360:27\n    at /media/user/DADOS/desenvolvimento/binance/backend/src/utils/exchanges.js:82:9\n    at handleKlineStreamData (/media/user/DADOS/desenvolvimento/binance/backend/node_modules/node-binance-api/node-binance-api.js:5650:41)\n    at WebSocket.<anonymous> (/media/user/DADOS/desenvolvimento/binance/backend/node_modules/node-binance-api/node-binance-api.js:709:17)\n    at WebSocket.emit (node:events:527:28)\n    at Receiver.receiverOnMessage (/media/user/DADOS/desenvolvimento/binance/backend/node_modules/node-binance-api/node_modules/ws/lib/websocket.js:1068:20)\n    at Receiver.emit (node:events:527:28)"}
info: 2023-07-27T13:32:00.413Z - Exchange Monitor => Can't calc the index MACD:
info: 2023-07-27T13:32:00.413Z
error: beholder.parseMemoryKey is not a function {"stack":"TypeError: beholder.parseMemoryKey is not a function\n    at /media/user/DADOS/desenvolvimento/binance/backend/src/app-em.js:437:32\n    at Array.map (<anonymous>)\n    at processChartData (/media/user/DADOS/desenvolvimento/binance/backend/src/app-em.js:421:11)\n    at /media/user/DADOS/desenvolvimento/binance/backend/src/app-em.js:360:27\n    at /media/user/DADOS/desenvolvimento/binance/backend/src/utils/exchanges.js:82:9\n    at handleKlineStreamData (/media/user/DADOS/desenvolvimento/binance/backend/node_modules/node-binance-api/node-binance-api.js:5650:41)\n    at WebSocket.<anonymous> (/media/user/DADOS/desenvolvimento/binance/backend/node_modules/node-binance-api/node-binance-api.js:709:17)\n    at WebSocket.emit (node:events:527:28)\n    at Receiver.receiverOnMessage (/media/user/DADOS/desenvolvimento/binance/backend/node_modules/node-binance-api/node_modules/ws/lib/websocket.js:1068:20)\n    at Receiver.emit (node:events:527:28)"}
info: 2023-07-27T13:33:00.413Z - Exchange Monitor => Can't calc the index RSI:
info: 2023-07-27T13:33:00.414Z
error: beholder.parseMemoryKey is not a function {"stack":"TypeError: beholder.parseMemoryKey is not a function\n    at /media/user/DADOS/desenvolvimento/binance/backend/src/app-em.js:437:32\n    at Array.map (<anonymous>)\n    at processChartData (/media/user/DADOS/desenvolvimento/binance/backend/src/app-em.js:421:11)\n    at /media/user/DADOS/desenvolvimento/binance/backend/src/app-em.js:360:27\n    at /media/user/DADOS/desenvolvimento/binance/backend/src/utils/exchanges.js:82:9\n    at handleKlineStreamData (/media/user/DADOS/desenvolvimento/binance/backend/node_modules/node-binance-api/node-binance-api.js:5650:41)\n    at WebSocket.<anonymous> (/media/user/DADOS/desenvolvimento/binance/backend/node_modules/node-binance-api/node-binance-api.js:709:17)\n    at WebSocket.emit (node:events:527:28)\n    at Receiver.receiverOnMessage (/media/user/DADOS/desenvolvimento/binance/backend/node_modules/node-binance-api/node_modules/ws/lib/websocket.js:1068:20)\n    at Receiver.emit (node:events:527:28)"}
info: 2023-07-27T13:33:00.415Z - Exchange Monitor => Can't calc the index MACD:
info: 2023-07-27T13:33:00.415Z
error: beholder.parseMemoryKey is not a function {"stack":"TypeError: beholder.parseMemoryKey is not a function\n    at /media/user/DADOS/desenvolvimento/binance/backend/src/app-em.js:437:32\n    at Array.map (<anonymous>)\n    at processChartData (/media/user/DADOS/desenvolvimento/binance/backend/src/app-em.js:421:11)\n    at /media/user/DADOS/desenvolvimento/binance/backend/src/app-em.js:360:27\n    at /media/user/DADOS/desenvolvimento/binance/backend/src/utils/exchanges.js:82:9\n    at handleKlineStreamData (/media/user/DADOS/desenvolvimento/binance/backend/node_modules/node-binance-api/node-binance-api.js:5650:41)\n    at WebSocket.<anonymous> (/media/user/DADOS/desenvolvimento/binance/backend/node_modules/node-binance-api/node-binance-api.js:709:17)\n    at WebSocket.emit (node:events:527:28)\n    at Receiver.receiverOnMessage (/media/user/DADOS/desenvolvimento/binance/backend/node_modules/node-binance-api/node_modules/ws/lib/websocket.js:1068:20)\n    at Receiver.emit (node:events:527:28)"}
info: 2023-07-27T13:34:00.201Z - Exchange Monitor => Can't calc the index RSI:
info: 2023-07-27T13:34:00.203Z
error: beholder.parseMemoryKey is not a function {"stack":"TypeError: beholder.parseMemoryKey is not a function\n    at /media/user/DADOS/desenvolvimento/binance/backend/src/app-em.js:437:32\n    at Array.map (<anonymous>)\n    at processChartData (/media/user/DADOS/desenvolvimento/binance/backend/src/app-em.js:421:11)\n    at /media/user/DADOS/desenvolvimento/binance/backend/src/app-em.js:360:27\n    at /media/user/DADOS/desenvolvimento/binance/backend/src/utils/exchanges.js:82:9\n    at handleKlineStreamData (/media/user/DADOS/desenvolvimento/binance/backend/node_modules/node-binance-api/node-binance-api.js:5650:41)\n    at WebSocket.<anonymous> (/media/user/DADOS/desenvolvimento/binance/backend/node_modules/node-binance-api/node-binance-api.js:709:17)\n    at WebSocket.emit (node:events:527:28)\n    at Receiver.receiverOnMessage (/media/user/DADOS/desenvolvimento/binance/backend/node_modules/node-binance-api/node_modules/ws/lib/websocket.js:1068:20)\n    at Receiver.emit (node:events:527:28)"}
info: 2023-07-27T13:34:00.205Z - Exchange Monitor => Can't calc the index MACD:
info: 2023-07-27T13:34:00.206Z
error: beholder.parseMemoryKey is not a function {"stack":"TypeError: beholder.parseMemoryKey is not a function\n    at /media/user/DADOS/desenvolvimento/binance/backend/src/app-em.js:437:32\n    at Array.map (<anonymous>)\n    at processChartData (/media/user/DADOS/desenvolvimento/binance/backend/src/app-em.js:421:11)\n    at /media/user/DADOS/desenvolvimento/binance/backend/src/app-em.js:360:27\n    at /media/user/DADOS/desenvolvimento/binance/backend/src/utils/exchanges.js:82:9\n    at handleKlineStreamData (/media/user/DADOS/desenvolvimento/binance/backend/node_modules/node-binance-api/node-binance-api.js:5650:41)\n    at WebSocket.<anonymous> (/media/user/DADOS/desenvolvimento/binance/backend/node_modules/node-binance-api/node-binance-api.js:709:17)\n    at WebSocket.emit (node:events:527:28)\n    at Receiver.receiverOnMessage (/media/user/DADOS/desenvolvimento/binance/backend/node_modules/node-binance-api/node_modules/ws/lib/websocket.js:1068:20)\n    at Receiver.emit (node:events:527:28)"}
info: 2023-07-27T13:35:00.260Z - Exchange Monitor => Can't calc the index RSI:
info: 2023-07-27T13:35:00.261Z
error: beholder.parseMemoryKey is not a function {"stack":"TypeError: beholder.parseMemoryKey is not a function\n    at /media/user/DADOS/desenvolvimento/binance/backend/src/app-em.js:437:32\n    at Array.map (<anonymous>)\n    at processChartData (/media/user/DADOS/desenvolvimento/binance/backend/src/app-em.js:421:11)\n    at /media/user/DADOS/desenvolvimento/binance/backend/src/app-em.js:360:27\n    at /media/user/DADOS/desenvolvimento/binance/backend/src/utils/exchanges.js:82:9\n    at handleKlineStreamData (/media/user/DADOS/desenvolvimento/binance/backend/node_modules/node-binance-api/node-binance-api.js:5650:41)\n    at WebSocket.<anonymous> (/media/user/DADOS/desenvolvimento/binance/backend/node_modules/node-binance-api/node-binance-api.js:709:17)\n    at WebSocket.emit (node:events:527:28)\n    at Receiver.receiverOnMessage (/media/user/DADOS/desenvolvimento/binance/backend/node_modules/node-binance-api/node_modules/ws/lib/websocket.js:1068:20)\n    at Receiver.emit (node:events:527:28)"}
info: 2023-07-27T13:35:00.265Z - Exchange Monitor => Can't calc the index MACD:
info: 2023-07-27T13:35:00.265Z
error: beholder.parseMemoryKey is not a function {"stack":"TypeError: beholder.parseMemoryKey is not a function\n    at /media/user/DADOS/desenvolvimento/binance/backend/src/app-em.js:437:32\n    at Array.map (<anonymous>)\n    at processChartData (/media/user/DADOS/desenvolvimento/binance/backend/src/app-em.js:421:11)\n    at /media/user/DADOS/desenvolvimento/binance/backend/src/app-em.js:360:27\n    at /media/user/DADOS/desenvolvimento/binance/backend/src/utils/exchanges.js:82:9\n    at handleKlineStreamData (/media/user/DADOS/desenvolvimento/binance/backend/node_modules/node-binance-api/node-binance-api.js:5650:41)\n    at WebSocket.<anonymous> (/media/user/DADOS/desenvolvimento/binance/backend/node_modules/node-binance-api/node-binance-api.js:709:17)\n    at WebSocket.emit (node:events:527:28)\n    at Receiver.receiverOnMessage (/media/user/DADOS/desenvolvimento/binance/backend/node_modules/node-binance-api/node_modules/ws/lib/websocket.js:1068:20)\n    at Receiver.emit (node:events:527:28)"}
info: 2023-07-27T13:36:00.418Z - Exchange Monitor => Can't calc the index RSI:
info: 2023-07-27T13:36:00.420Z
error: beholder.parseMemoryKey is not a function {"stack":"TypeError: beholder.parseMemoryKey is not a function\n    at /media/user/DADOS/desenvolvimento/binance/backend/src/app-em.js:437:32\n    at Array.map (<anonymous>)\n    at processChartData (/media/user/DADOS/desenvolvimento/binance/backend/src/app-em.js:421:11)\n    at /media/user/DADOS/desenvolvimento/binance/backend/src/app-em.js:360:27\n    at /media/user/DADOS/desenvolvimento/binance/backend/src/utils/exchanges.js:82:9\n    at handleKlineStreamData (/media/user/DADOS/desenvolvimento/binance/backend/node_modules/node-binance-api/node-binance-api.js:5650:41)\n    at WebSocket.<anonymous> (/media/user/DADOS/desenvolvimento/binance/backend/node_modules/node-binance-api/node-binance-api.js:709:17)\n    at WebSocket.emit (node:events:527:28)\n    at Receiver.receiverOnMessage (/media/user/DADOS/desenvolvimento/binance/backend/node_modules/node-binance-api/node_modules/ws/lib/websocket.js:1068:20)\n    at Receiver.emit (node:events:527:28)"}
info: 2023-07-27T13:36:00.425Z - Exchange Monitor => Can't calc the index MACD:
info: 2023-07-27T13:36:00.426Z
error: beholder.parseMemoryKey is not a function {"stack":"TypeError: beholder.parseMemoryKey is not a function\n    at /media/user/DADOS/desenvolvimento/binance/backend/src/app-em.js:437:32\n    at Array.map (<anonymous>)\n    at processChartData (/media/user/DADOS/desenvolvimento/binance/backend/src/app-em.js:421:11)\n    at /media/user/DADOS/desenvolvimento/binance/backend/src/app-em.js:360:27\n    at /media/user/DADOS/desenvolvimento/binance/backend/src/utils/exchanges.js:82:9\n    at handleKlineStreamData (/media/user/DADOS/desenvolvimento/binance/backend/node_modules/node-binance-api/node-binance-api.js:5650:41)\n    at WebSocket.<anonymous> (/media/user/DADOS/desenvolvimento/binance/backend/node_modules/node-binance-api/node-binance-api.js:709:17)\n    at WebSocket.emit (node:events:527:28)\n    at Receiver.receiverOnMessage (/media/user/DADOS/desenvolvimento/binance/backend/node_modules/node-binance-api/node_modules/ws/lib/websocket.js:1068:20)\n    at Receiver.emit (node:events:527:28)"}
info: 2023-07-27T13:37:00.427Z - Exchange Monitor => Can't calc the index RSI:
info: 2023-07-27T13:37:00.430Z
error: beholder.parseMemoryKey is not a function {"stack":"TypeError: beholder.parseMemoryKey is not a function\n    at /media/user/DADOS/desenvolvimento/binance/backend/src/app-em.js:437:32\n    at Array.map (<anonymous>)\n    at processChartData (/media/user/DADOS/desenvolvimento/binance/backend/src/app-em.js:421:11)\n    at /media/user/DADOS/desenvolvimento/binance/backend/src/app-em.js:360:27\n    at /media/user/DADOS/desenvolvimento/binance/backend/src/utils/exchanges.js:82:9\n    at handleKlineStreamData (/media/user/DADOS/desenvolvimento/binance/backend/node_modules/node-binance-api/node-binance-api.js:5650:41)\n    at WebSocket.<anonymous> (/media/user/DADOS/desenvolvimento/binance/backend/node_modules/node-binance-api/node-binance-api.js:709:17)\n    at WebSocket.emit (node:events:527:28)\n    at Receiver.receiverOnMessage (/media/user/DADOS/desenvolvimento/binance/backend/node_modules/node-binance-api/node_modules/ws/lib/websocket.js:1068:20)\n    at Receiver.emit (node:events:527:28)"}
info: 2023-07-27T13:37:00.434Z - Exchange Monitor => Can't calc the index MACD:
info: 2023-07-27T13:37:00.434Z
error: beholder.parseMemoryKey is not a function {"stack":"TypeError: beholder.parseMemoryKey is not a function\n    at /media/user/DADOS/desenvolvimento/binance/backend/src/app-em.js:437:32\n    at Array.map (<anonymous>)\n    at processChartData (/media/user/DADOS/desenvolvimento/binance/backend/src/app-em.js:421:11)\n    at /media/user/DADOS/desenvolvimento/binance/backend/src/app-em.js:360:27\n    at /media/user/DADOS/desenvolvimento/binance/backend/src/utils/exchanges.js:82:9\n    at handleKlineStreamData (/media/user/DADOS/desenvolvimento/binance/backend/node_modules/node-binance-api/node-binance-api.js:5650:41)\n    at WebSocket.<anonymous> (/media/user/DADOS/desenvolvimento/binance/backend/node_modules/node-binance-api/node-binance-api.js:709:17)\n    at WebSocket.emit (node:events:527:28)\n    at Receiver.receiverOnMessage (/media/user/DADOS/desenvolvimento/binance/backend/node_modules/node-binance-api/node_modules/ws/lib/websocket.js:1068:20)\n    at Receiver.emit (node:events:527:28)"}
info: 2023-07-27T13:38:00.322Z - Exchange Monitor => Can't calc the index RSI:
info: 2023-07-27T13:38:00.323Z
error: beholder.parseMemoryKey is not a function {"stack":"TypeError: beholder.parseMemoryKey is not a function\n    at /media/user/DADOS/desenvolvimento/binance/backend/src/app-em.js:437:32\n    at Array.map (<anonymous>)\n    at processChartData (/media/user/DADOS/desenvolvimento/binance/backend/src/app-em.js:421:11)\n    at /media/user/DADOS/desenvolvimento/binance/backend/src/app-em.js:360:27\n    at /media/user/DADOS/desenvolvimento/binance/backend/src/utils/exchanges.js:82:9\n    at handleKlineStreamData (/media/user/DADOS/desenvolvimento/binance/backend/node_modules/node-binance-api/node-binance-api.js:5650:41)\n    at WebSocket.<anonymous> (/media/user/DADOS/desenvolvimento/binance/backend/node_modules/node-binance-api/node-binance-api.js:709:17)\n    at WebSocket.emit (node:events:527:28)\n    at Receiver.receiverOnMessage (/media/user/DADOS/desenvolvimento/binance/backend/node_modules/node-binance-api/node_modules/ws/lib/websocket.js:1068:20)\n    at Receiver.emit (node:events:527:28)"}
info: 2023-07-27T13:38:00.326Z - Exchange Monitor => Can't calc the index MACD:
info: 2023-07-27T13:38:00.327Z
error: beholder.parseMemoryKey is not a function {"stack":"TypeError: beholder.parseMemoryKey is not a function\n    at /media/user/DADOS/desenvolvimento/binance/backend/src/app-em.js:437:32\n    at Array.map (<anonymous>)\n    at processChartData (/media/user/DADOS/desenvolvimento/binance/backend/src/app-em.js:421:11)\n    at /media/user/DADOS/desenvolvimento/binance/backend/src/app-em.js:360:27\n    at /media/user/DADOS/desenvolvimento/binance/backend/src/utils/exchanges.js:82:9\n    at handleKlineStreamData (/media/user/DADOS/desenvolvimento/binance/backend/node_modules/node-binance-api/node-binance-api.js:5650:41)\n    at WebSocket.<anonymous> (/media/user/DADOS/desenvolvimento/binance/backend/node_modules/node-binance-api/node-binance-api.js:709:17)\n    at WebSocket.emit (node:events:527:28)\n    at Receiver.receiverOnMessage (/media/user/DADOS/desenvolvimento/binance/backend/node_modules/node-binance-api/node_modules/ws/lib/websocket.js:1068:20)\n    at Receiver.emit (node:events:527:28)"}
info: 2023-07-27T13:39:00.314Z - Exchange Monitor => Can't calc the index RSI:
info: 2023-07-27T13:39:00.314Z
error: beholder.parseMemoryKey is not a function {"stack":"TypeError: beholder.parseMemoryKey is not a function\n    at /media/user/DADOS/desenvolvimento/binance/backend/src/app-em.js:437:32\n    at Array.map (<anonymous>)\n    at processChartData (/media/user/DADOS/desenvolvimento/binance/backend/src/app-em.js:421:11)\n    at /media/user/DADOS/desenvolvimento/binance/backend/src/app-em.js:360:27\n    at /media/user/DADOS/desenvolvimento/binance/backend/src/utils/exchanges.js:82:9\n    at handleKlineStreamData (/media/user/DADOS/desenvolvimento/binance/backend/node_modules/node-binance-api/node-binance-api.js:5650:41)\n    at WebSocket.<anonymous> (/media/user/DADOS/desenvolvimento/binance/backend/node_modules/node-binance-api/node-binance-api.js:709:17)\n    at WebSocket.emit (node:events:527:28)\n    at Receiver.receiverOnMessage (/media/user/DADOS/desenvolvimento/binance/backend/node_modules/node-binance-api/node_modules/ws/lib/websocket.js:1068:20)\n    at Receiver.emit (node:events:527:28)"}
info: 2023-07-27T13:39:00.316Z - Exchange Monitor => Can't calc the index MACD:
info: 2023-07-27T13:39:00.316Z
error: beholder.parseMemoryKey is not a function {"stack":"TypeError: beholder.parseMemoryKey is not a function\n    at /media/user/DADOS/desenvolvimento/binance/backend/src/app-em.js:437:32\n    at Array.map (<anonymous>)\n    at processChartData (/media/user/DADOS/desenvolvimento/binance/backend/src/app-em.js:421:11)\n    at /media/user/DADOS/desenvolvimento/binance/backend/src/app-em.js:360:27\n    at /media/user/DADOS/desenvolvimento/binance/backend/src/utils/exchanges.js:82:9\n    at handleKlineStreamData (/media/user/DADOS/desenvolvimento/binance/backend/node_modules/node-binance-api/node-binance-api.js:5650:41)\n    at WebSocket.<anonymous> (/media/user/DADOS/desenvolvimento/binance/backend/node_modules/node-binance-api/node-binance-api.js:709:17)\n    at WebSocket.emit (node:events:527:28)\n    at Receiver.receiverOnMessage (/media/user/DADOS/desenvolvimento/binance/backend/node_modules/node-binance-api/node_modules/ws/lib/websocket.js:1068:20)\n    at Receiver.emit (node:events:527:28)"}
info: 2023-07-27T13:40:00.167Z - Exchange Monitor => Can't calc the index RSI:
info: 2023-07-27T13:40:00.169Z
error: beholder.parseMemoryKey is not a function {"stack":"TypeError: beholder.parseMemoryKey is not a function\n    at /media/user/DADOS/desenvolvimento/binance/backend/src/app-em.js:437:32\n    at Array.map (<anonymous>)\n    at processChartData (/media/user/DADOS/desenvolvimento/binance/backend/src/app-em.js:421:11)\n    at /media/user/DADOS/desenvolvimento/binance/backend/src/app-em.js:360:27\n    at /media/user/DADOS/desenvolvimento/binance/backend/src/utils/exchanges.js:82:9\n    at handleKlineStreamData (/media/user/DADOS/desenvolvimento/binance/backend/node_modules/node-binance-api/node-binance-api.js:5650:41)\n    at WebSocket.<anonymous> (/media/user/DADOS/desenvolvimento/binance/backend/node_modules/node-binance-api/node-binance-api.js:709:17)\n    at WebSocket.emit (node:events:527:28)\n    at Receiver.receiverOnMessage (/media/user/DADOS/desenvolvimento/binance/backend/node_modules/node-binance-api/node_modules/ws/lib/websocket.js:1068:20)\n    at Receiver.emit (node:events:527:28)"}
info: 2023-07-27T13:40:00.173Z - Exchange Monitor => Can't calc the index MACD:
info: 2023-07-27T13:40:00.174Z
error: beholder.parseMemoryKey is not a function {"stack":"TypeError: beholder.parseMemoryKey is not a function\n    at /media/user/DADOS/desenvolvimento/binance/backend/src/app-em.js:437:32\n    at Array.map (<anonymous>)\n    at processChartData (/media/user/DADOS/desenvolvimento/binance/backend/src/app-em.js:421:11)\n    at /media/user/DADOS/desenvolvimento/binance/backend/src/app-em.js:360:27\n    at /media/user/DADOS/desenvolvimento/binance/backend/src/utils/exchanges.js:82:9\n    at handleKlineStreamData (/media/user/DADOS/desenvolvimento/binance/backend/node_modules/node-binance-api/node-binance-api.js:5650:41)\n    at WebSocket.<anonymous> (/media/user/DADOS/desenvolvimento/binance/backend/node_modules/node-binance-api/node-binance-api.js:709:17)\n    at WebSocket.emit (node:events:527:28)\n    at Receiver.receiverOnMessage (/media/user/DADOS/desenvolvimento/binance/backend/node_modules/node-binance-api/node_modules/ws/lib/websocket.js:1068:20)\n    at Receiver.emit (node:events:527:28)"}
info: 2023-07-27T13:41:00.325Z - Exchange Monitor => Can't calc the index RSI:
info: 2023-07-27T13:41:00.325Z
error: beholder.parseMemoryKey is not a function {"stack":"TypeError: beholder.parseMemoryKey is not a function\n    at /media/user/DADOS/desenvolvimento/binance/backend/src/app-em.js:437:32\n    at Array.map (<anonymous>)\n    at processChartData (/media/user/DADOS/desenvolvimento/binance/backend/src/app-em.js:421:11)\n    at /media/user/DADOS/desenvolvimento/binance/backend/src/app-em.js:360:27\n    at /media/user/DADOS/desenvolvimento/binance/backend/src/utils/exchanges.js:82:9\n    at handleKlineStreamData (/media/user/DADOS/desenvolvimento/binance/backend/node_modules/node-binance-api/node-binance-api.js:5650:41)\n    at WebSocket.<anonymous> (/media/user/DADOS/desenvolvimento/binance/backend/node_modules/node-binance-api/node-binance-api.js:709:17)\n    at WebSocket.emit (node:events:527:28)\n    at Receiver.receiverOnMessage (/media/user/DADOS/desenvolvimento/binance/backend/node_modules/node-binance-api/node_modules/ws/lib/websocket.js:1068:20)\n    at Receiver.emit (node:events:527:28)"}
info: 2023-07-27T13:41:00.333Z - Exchange Monitor => Can't calc the index MACD:
info: 2023-07-27T13:41:00.333Z
error: beholder.parseMemoryKey is not a function {"stack":"TypeError: beholder.parseMemoryKey is not a function\n    at /media/user/DADOS/desenvolvimento/binance/backend/src/app-em.js:437:32\n    at Array.map (<anonymous>)\n    at processChartData (/media/user/DADOS/desenvolvimento/binance/backend/src/app-em.js:421:11)\n    at /media/user/DADOS/desenvolvimento/binance/backend/src/app-em.js:360:27\n    at /media/user/DADOS/desenvolvimento/binance/backend/src/utils/exchanges.js:82:9\n    at handleKlineStreamData (/media/user/DADOS/desenvolvimento/binance/backend/node_modules/node-binance-api/node-binance-api.js:5650:41)\n    at WebSocket.<anonymous> (/media/user/DADOS/desenvolvimento/binance/backend/node_modules/node-binance-api/node-binance-api.js:709:17)\n    at WebSocket.emit (node:events:527:28)\n    at Receiver.receiverOnMessage (/media/user/DADOS/desenvolvimento/binance/backend/node_modules/node-binance-api/node_modules/ws/lib/websocket.js:1068:20)\n    at Receiver.emit (node:events:527:28)"}
info: 2023-07-27T13:42:00.328Z - Exchange Monitor => Can't calc the index RSI:
info: 2023-07-27T13:42:00.329Z
error: beholder.parseMemoryKey is not a function {"stack":"TypeError: beholder.parseMemoryKey is not a function\n    at /media/user/DADOS/desenvolvimento/binance/backend/src/app-em.js:437:32\n    at Array.map (<anonymous>)\n    at processChartData (/media/user/DADOS/desenvolvimento/binance/backend/src/app-em.js:421:11)\n    at /media/user/DADOS/desenvolvimento/binance/backend/src/app-em.js:360:27\n    at /media/user/DADOS/desenvolvimento/binance/backend/src/utils/exchanges.js:82:9\n    at handleKlineStreamData (/media/user/DADOS/desenvolvimento/binance/backend/node_modules/node-binance-api/node-binance-api.js:5650:41)\n    at WebSocket.<anonymous> (/media/user/DADOS/desenvolvimento/binance/backend/node_modules/node-binance-api/node-binance-api.js:709:17)\n    at WebSocket.emit (node:events:527:28)\n    at Receiver.receiverOnMessage (/media/user/DADOS/desenvolvimento/binance/backend/node_modules/node-binance-api/node_modules/ws/lib/websocket.js:1068:20)\n    at Receiver.emit (node:events:527:28)"}
info: 2023-07-27T13:42:00.330Z - Exchange Monitor => Can't calc the index MACD:
info: 2023-07-27T13:42:00.330Z
error: beholder.parseMemoryKey is not a function {"stack":"TypeError: beholder.parseMemoryKey is not a function\n    at /media/user/DADOS/desenvolvimento/binance/backend/src/app-em.js:437:32\n    at Array.map (<anonymous>)\n    at processChartData (/media/user/DADOS/desenvolvimento/binance/backend/src/app-em.js:421:11)\n    at /media/user/DADOS/desenvolvimento/binance/backend/src/app-em.js:360:27\n    at /media/user/DADOS/desenvolvimento/binance/backend/src/utils/exchanges.js:82:9\n    at handleKlineStreamData (/media/user/DADOS/desenvolvimento/binance/backend/node_modules/node-binance-api/node-binance-api.js:5650:41)\n    at WebSocket.<anonymous> (/media/user/DADOS/desenvolvimento/binance/backend/node_modules/node-binance-api/node-binance-api.js:709:17)\n    at WebSocket.emit (node:events:527:28)\n    at Receiver.receiverOnMessage (/media/user/DADOS/desenvolvimento/binance/backend/node_modules/node-binance-api/node_modules/ws/lib/websocket.js:1068:20)\n    at Receiver.emit (node:events:527:28)"}
info: 2023-07-27T13:42:37.170Z - Chart Monitor has started for BTCUSDT_1m!
info: 2023-07-27T13:42:38.902Z - Exchange Monitor => Can't calc the index RSI:
info: 2023-07-27T13:42:38.916Z
error: beholder.parseMemoryKey is not a function {"stack":"TypeError: beholder.parseMemoryKey is not a function\n    at /media/user/DADOS/desenvolvimento/binance/backend/src/app-em.js:437:32\n    at Array.map (<anonymous>)\n    at processChartData (/media/user/DADOS/desenvolvimento/binance/backend/src/app-em.js:421:11)\n    at /media/user/DADOS/desenvolvimento/binance/backend/src/app-em.js:360:27\n    at /media/user/DADOS/desenvolvimento/binance/backend/src/utils/exchanges.js:82:9\n    at /media/user/DADOS/desenvolvimento/binance/backend/node_modules/node-binance-api/node-binance-api.js:5662:41\n    at Request._callback (/media/user/DADOS/desenvolvimento/binance/backend/node_modules/node-binance-api/node-binance-api.js:188:16)\n    at Request.self.callback (/media/user/DADOS/desenvolvimento/binance/backend/node_modules/request/request.js:185:22)\n    at Request.emit (node:events:527:28)\n    at Request.<anonymous> (/media/user/DADOS/desenvolvimento/binance/backend/node_modules/request/request.js:1154:10)"}
info: 2023-07-27T13:42:38.927Z - Exchange Monitor => Can't calc the index MACD:
info: 2023-07-27T13:42:38.930Z
error: beholder.parseMemoryKey is not a function {"stack":"TypeError: beholder.parseMemoryKey is not a function\n    at /media/user/DADOS/desenvolvimento/binance/backend/src/app-em.js:437:32\n    at Array.map (<anonymous>)\n    at processChartData (/media/user/DADOS/desenvolvimento/binance/backend/src/app-em.js:421:11)\n    at /media/user/DADOS/desenvolvimento/binance/backend/src/app-em.js:360:27\n    at /media/user/DADOS/desenvolvimento/binance/backend/src/utils/exchanges.js:82:9\n    at /media/user/DADOS/desenvolvimento/binance/backend/node_modules/node-binance-api/node-binance-api.js:5662:41\n    at Request._callback (/media/user/DADOS/desenvolvimento/binance/backend/node_modules/node-binance-api/node-binance-api.js:188:16)\n    at Request.self.callback (/media/user/DADOS/desenvolvimento/binance/backend/node_modules/request/request.js:185:22)\n    at Request.emit (node:events:527:28)\n    at Request.<anonymous> (/media/user/DADOS/desenvolvimento/binance/backend/node_modules/request/request.js:1154:10)"}
info: 2023-07-27T13:42:48.609Z - Chart Monitor has started for BTCUSDT_1m!
info: 2023-07-27T13:42:50.108Z - Exchange Monitor => Can't calc the index RSI:
info: 2023-07-27T13:42:50.108Z
error: beholder.parseMemoryKey is not a function {"stack":"TypeError: beholder.parseMemoryKey is not a function\n    at /media/user/DADOS/desenvolvimento/binance/backend/src/app-em.js:437:32\n    at Array.map (<anonymous>)\n    at processChartData (/media/user/DADOS/desenvolvimento/binance/backend/src/app-em.js:421:11)\n    at /media/user/DADOS/desenvolvimento/binance/backend/src/app-em.js:360:27\n    at /media/user/DADOS/desenvolvimento/binance/backend/src/utils/exchanges.js:82:9\n    at /media/user/DADOS/desenvolvimento/binance/backend/node_modules/node-binance-api/node-binance-api.js:5662:41\n    at Request._callback (/media/user/DADOS/desenvolvimento/binance/backend/node_modules/node-binance-api/node-binance-api.js:188:16)\n    at Request.self.callback (/media/user/DADOS/desenvolvimento/binance/backend/node_modules/request/request.js:185:22)\n    at Request.emit (node:events:527:28)\n    at Request.<anonymous> (/media/user/DADOS/desenvolvimento/binance/backend/node_modules/request/request.js:1154:10)"}
info: 2023-07-27T13:42:50.123Z - Exchange Monitor => Can't calc the index MACD:
info: 2023-07-27T13:42:50.124Z
error: beholder.parseMemoryKey is not a function {"stack":"TypeError: beholder.parseMemoryKey is not a function\n    at /media/user/DADOS/desenvolvimento/binance/backend/src/app-em.js:437:32\n    at Array.map (<anonymous>)\n    at processChartData (/media/user/DADOS/desenvolvimento/binance/backend/src/app-em.js:421:11)\n    at /media/user/DADOS/desenvolvimento/binance/backend/src/app-em.js:360:27\n    at /media/user/DADOS/desenvolvimento/binance/backend/src/utils/exchanges.js:82:9\n    at /media/user/DADOS/desenvolvimento/binance/backend/node_modules/node-binance-api/node-binance-api.js:5662:41\n    at Request._callback (/media/user/DADOS/desenvolvimento/binance/backend/node_modules/node-binance-api/node-binance-api.js:188:16)\n    at Request.self.callback (/media/user/DADOS/desenvolvimento/binance/backend/node_modules/request/request.js:185:22)\n    at Request.emit (node:events:527:28)\n    at Request.<anonymous> (/media/user/DADOS/desenvolvimento/binance/backend/node_modules/request/request.js:1154:10)"}
info: 2023-07-27T13:43:00.258Z - Exchange Monitor => Can't calc the index RSI:
info: 2023-07-27T13:43:00.271Z
error: beholder.parseMemoryKey is not a function {"stack":"TypeError: beholder.parseMemoryKey is not a function\n    at /media/user/DADOS/desenvolvimento/binance/backend/src/app-em.js:437:32\n    at Array.map (<anonymous>)\n    at processChartData (/media/user/DADOS/desenvolvimento/binance/backend/src/app-em.js:421:11)\n    at /media/user/DADOS/desenvolvimento/binance/backend/src/app-em.js:360:27\n    at /media/user/DADOS/desenvolvimento/binance/backend/src/utils/exchanges.js:82:9\n    at handleKlineStreamData (/media/user/DADOS/desenvolvimento/binance/backend/node_modules/node-binance-api/node-binance-api.js:5650:41)\n    at WebSocket.<anonymous> (/media/user/DADOS/desenvolvimento/binance/backend/node_modules/node-binance-api/node-binance-api.js:709:17)\n    at WebSocket.emit (node:events:527:28)\n    at Receiver.receiverOnMessage (/media/user/DADOS/desenvolvimento/binance/backend/node_modules/node-binance-api/node_modules/ws/lib/websocket.js:1068:20)\n    at Receiver.emit (node:events:527:28)"}
info: 2023-07-27T13:43:00.316Z - Exchange Monitor => Can't calc the index MACD:
info: 2023-07-27T13:43:00.317Z
error: beholder.parseMemoryKey is not a function {"stack":"TypeError: beholder.parseMemoryKey is not a function\n    at /media/user/DADOS/desenvolvimento/binance/backend/src/app-em.js:437:32\n    at Array.map (<anonymous>)\n    at processChartData (/media/user/DADOS/desenvolvimento/binance/backend/src/app-em.js:421:11)\n    at /media/user/DADOS/desenvolvimento/binance/backend/src/app-em.js:360:27\n    at /media/user/DADOS/desenvolvimento/binance/backend/src/utils/exchanges.js:82:9\n    at handleKlineStreamData (/media/user/DADOS/desenvolvimento/binance/backend/node_modules/node-binance-api/node-binance-api.js:5650:41)\n    at WebSocket.<anonymous> (/media/user/DADOS/desenvolvimento/binance/backend/node_modules/node-binance-api/node-binance-api.js:709:17)\n    at WebSocket.emit (node:events:527:28)\n    at Receiver.receiverOnMessage (/media/user/DADOS/desenvolvimento/binance/backend/node_modules/node-binance-api/node_modules/ws/lib/websocket.js:1068:20)\n    at Receiver.emit (node:events:527:28)"}
info: 2023-07-27T13:44:00.339Z - Exchange Monitor => Can't calc the index RSI:
info: 2023-07-27T13:44:00.340Z
error: beholder.parseMemoryKey is not a function {"stack":"TypeError: beholder.parseMemoryKey is not a function\n    at /media/user/DADOS/desenvolvimento/binance/backend/src/app-em.js:437:32\n    at Array.map (<anonymous>)\n    at processChartData (/media/user/DADOS/desenvolvimento/binance/backend/src/app-em.js:421:11)\n    at /media/user/DADOS/desenvolvimento/binance/backend/src/app-em.js:360:27\n    at /media/user/DADOS/desenvolvimento/binance/backend/src/utils/exchanges.js:82:9\n    at handleKlineStreamData (/media/user/DADOS/desenvolvimento/binance/backend/node_modules/node-binance-api/node-binance-api.js:5650:41)\n    at WebSocket.<anonymous> (/media/user/DADOS/desenvolvimento/binance/backend/node_modules/node-binance-api/node-binance-api.js:709:17)\n    at WebSocket.emit (node:events:527:28)\n    at Receiver.receiverOnMessage (/media/user/DADOS/desenvolvimento/binance/backend/node_modules/node-binance-api/node_modules/ws/lib/websocket.js:1068:20)\n    at Receiver.emit (node:events:527:28)"}
info: 2023-07-27T13:44:00.348Z - Exchange Monitor => Can't calc the index MACD:
info: 2023-07-27T13:44:00.350Z
error: beholder.parseMemoryKey is not a function {"stack":"TypeError: beholder.parseMemoryKey is not a function\n    at /media/user/DADOS/desenvolvimento/binance/backend/src/app-em.js:437:32\n    at Array.map (<anonymous>)\n    at processChartData (/media/user/DADOS/desenvolvimento/binance/backend/src/app-em.js:421:11)\n    at /media/user/DADOS/desenvolvimento/binance/backend/src/app-em.js:360:27\n    at /media/user/DADOS/desenvolvimento/binance/backend/src/utils/exchanges.js:82:9\n    at handleKlineStreamData (/media/user/DADOS/desenvolvimento/binance/backend/node_modules/node-binance-api/node-binance-api.js:5650:41)\n    at WebSocket.<anonymous> (/media/user/DADOS/desenvolvimento/binance/backend/node_modules/node-binance-api/node-binance-api.js:709:17)\n    at WebSocket.emit (node:events:527:28)\n    at Receiver.receiverOnMessage (/media/user/DADOS/desenvolvimento/binance/backend/node_modules/node-binance-api/node_modules/ws/lib/websocket.js:1068:20)\n    at Receiver.emit (node:events:527:28)"}
info: 2023-07-27T14:00:06.077Z - Chart Monitor has started for BTCUSDT_1m!
info: 2023-07-27T14:00:08.029Z - Exchange Monitor => Can't calc the index RSI:
info: 2023-07-27T14:00:08.029Z
error: beholder.parseMemoryKey is not a function {"stack":"TypeError: beholder.parseMemoryKey is not a function\n    at /media/user/DADOS/desenvolvimento/binance/backend/src/app-em.js:848:32\n    at Array.map (<anonymous>)\n    at processChartData (/media/user/DADOS/desenvolvimento/binance/backend/src/app-em.js:832:11)\n    at /media/user/DADOS/desenvolvimento/binance/backend/src/app-em.js:922:27\n    at /media/user/DADOS/desenvolvimento/binance/backend/src/utils/exchanges.js:82:9\n    at /media/user/DADOS/desenvolvimento/binance/backend/node_modules/node-binance-api/node-binance-api.js:5662:41\n    at Request._callback (/media/user/DADOS/desenvolvimento/binance/backend/node_modules/node-binance-api/node-binance-api.js:188:16)\n    at Request.self.callback (/media/user/DADOS/desenvolvimento/binance/backend/node_modules/request/request.js:185:22)\n    at Request.emit (node:events:527:28)\n    at Request.<anonymous> (/media/user/DADOS/desenvolvimento/binance/backend/node_modules/request/request.js:1154:10)"}
info: 2023-07-27T14:00:08.036Z - Exchange Monitor => Can't calc the index MACD:
info: 2023-07-27T14:00:08.037Z
error: beholder.parseMemoryKey is not a function {"stack":"TypeError: beholder.parseMemoryKey is not a function\n    at /media/user/DADOS/desenvolvimento/binance/backend/src/app-em.js:848:32\n    at Array.map (<anonymous>)\n    at processChartData (/media/user/DADOS/desenvolvimento/binance/backend/src/app-em.js:832:11)\n    at /media/user/DADOS/desenvolvimento/binance/backend/src/app-em.js:922:27\n    at /media/user/DADOS/desenvolvimento/binance/backend/src/utils/exchanges.js:82:9\n    at /media/user/DADOS/desenvolvimento/binance/backend/node_modules/node-binance-api/node-binance-api.js:5662:41\n    at Request._callback (/media/user/DADOS/desenvolvimento/binance/backend/node_modules/node-binance-api/node-binance-api.js:188:16)\n    at Request.self.callback (/media/user/DADOS/desenvolvimento/binance/backend/node_modules/request/request.js:185:22)\n    at Request.emit (node:events:527:28)\n    at Request.<anonymous> (/media/user/DADOS/desenvolvimento/binance/backend/node_modules/request/request.js:1154:10)"}
info: 2023-07-27T14:01:00.497Z - Exchange Monitor => Can't calc the index RSI:
info: 2023-07-27T14:01:00.498Z
error: beholder.parseMemoryKey is not a function {"stack":"TypeError: beholder.parseMemoryKey is not a function\n    at /media/user/DADOS/desenvolvimento/binance/backend/src/app-em.js:848:32\n    at Array.map (<anonymous>)\n    at processChartData (/media/user/DADOS/desenvolvimento/binance/backend/src/app-em.js:832:11)\n    at /media/user/DADOS/desenvolvimento/binance/backend/src/app-em.js:922:27\n    at /media/user/DADOS/desenvolvimento/binance/backend/src/utils/exchanges.js:82:9\n    at handleKlineStreamData (/media/user/DADOS/desenvolvimento/binance/backend/node_modules/node-binance-api/node-binance-api.js:5650:41)\n    at WebSocket.<anonymous> (/media/user/DADOS/desenvolvimento/binance/backend/node_modules/node-binance-api/node-binance-api.js:709:17)\n    at WebSocket.emit (node:events:527:28)\n    at Receiver.receiverOnMessage (/media/user/DADOS/desenvolvimento/binance/backend/node_modules/node-binance-api/node_modules/ws/lib/websocket.js:1068:20)\n    at Receiver.emit (node:events:527:28)"}
info: 2023-07-27T14:01:00.511Z - Exchange Monitor => Can't calc the index MACD:
info: 2023-07-27T14:01:00.512Z
error: beholder.parseMemoryKey is not a function {"stack":"TypeError: beholder.parseMemoryKey is not a function\n    at /media/user/DADOS/desenvolvimento/binance/backend/src/app-em.js:848:32\n    at Array.map (<anonymous>)\n    at processChartData (/media/user/DADOS/desenvolvimento/binance/backend/src/app-em.js:832:11)\n    at /media/user/DADOS/desenvolvimento/binance/backend/src/app-em.js:922:27\n    at /media/user/DADOS/desenvolvimento/binance/backend/src/utils/exchanges.js:82:9\n    at handleKlineStreamData (/media/user/DADOS/desenvolvimento/binance/backend/node_modules/node-binance-api/node-binance-api.js:5650:41)\n    at WebSocket.<anonymous> (/media/user/DADOS/desenvolvimento/binance/backend/node_modules/node-binance-api/node-binance-api.js:709:17)\n    at WebSocket.emit (node:events:527:28)\n    at Receiver.receiverOnMessage (/media/user/DADOS/desenvolvimento/binance/backend/node_modules/node-binance-api/node_modules/ws/lib/websocket.js:1068:20)\n    at Receiver.emit (node:events:527:28)"}
info: 2023-07-27T14:01:50.696Z - Chart Monitor has started for BTCUSDT_1m!
info: 2023-07-28T14:51:08.887Z - Chart Monitor has started for BTCUSDT_1m!
info: 2023-07-28T17:57:59.617Z - Chart Monitor has started for BTCUSDT_1m!
info: 2023-07-28T18:10:05.414Z - Chart Monitor has started for BTCUSDT_1m!
info: 2023-07-28T18:11:04.239Z - Chart Monitor has started for BTCUSDT_1m!
info: 2023-07-28T18:14:02.605Z - Chart Monitor has started for BTCUSDT_1m!
info: 2023-07-28T18:27:01.091Z - Chart Monitor has started for BTCUSDT_1m!
info: 2023-07-28T18:29:01.579Z - Chart Monitor has started for BTCUSDT_1m!
info: 2023-07-28T18:42:44.820Z - Chart Monitor has started for BTCUSDT_1m!
